<?xml version="1.0" encoding="UTF-8"?>
<testsuite name="tests.AdminLoginTests" tests="1" skipped="0" failures="0" errors="0" timestamp="2019-08-11T10:24:37" hostname="jchkalova" time="28.252">
  <properties/>
  <testcase name="Test01_LoginToAdminPage" classname="tests.AdminLoginTests" time="28.252"/>
  <system-out><![CDATA[]]></system-out>
  <system-err><![CDATA[Starting ChromeDriver 76.0.3809.68 (420c9498db8ce8fcd190a954d51297672c1515d5-refs/branch-heads/3809@{#864}) on port 44739
Only local connections are allowed.
Please protect ports used by ChromeDriver and related test frameworks to prevent access by malicious code.
авг. 11, 2019 1:24:50 PM org.openqa.selenium.remote.ProtocolHandshake createSession
INFO: Detected dialect: W3C
]]></system-err>
</testsuite>
