<?xml version="1.0" encoding="UTF-8"?>
<testsuite name="tests.AdminLoginTests" tests="1" skipped="0" failures="0" errors="0" timestamp="2019-08-08T09:01:38" hostname="jchkalova" time="9.362">
  <properties/>
  <testcase name="Test01_LoginToAdminPage" classname="tests.AdminLoginTests" time="9.362"/>
  <system-out><![CDATA[]]></system-out>
  <system-err><![CDATA[Starting ChromeDriver 76.0.3809.68 (420c9498db8ce8fcd190a954d51297672c1515d5-refs/branch-heads/3809@{#864}) on port 10834
Only local connections are allowed.
Please protect ports used by ChromeDriver and related test frameworks to prevent access by malicious code.
авг. 08, 2019 12:01:42 PM org.openqa.selenium.remote.ProtocolHandshake createSession
INFO: Detected dialect: W3C
]]></system-err>
</testsuite>
